This is pdfTeX, Version 3.141592653-2.6-1.40.24 (MiKTeX 22.3) (preloaded format=pdflatex 2022.5.5)  5 MAY 2022 17:23
entering extended mode
 restricted \write18 enabled.
 %&-line parsing enabled.
**./Lic.tex
(Lic.tex
LaTeX2e <2021-11-15> patch level 1
L3 programming layer <2022-02-24>
(C:\Users\ihave\AppData\Local\Programs\MiKTeX\tex/latex/base\book.cls
Document Class: book 2021/10/04 v1.4n Standard LaTeX document class
(C:\Users\ihave\AppData\Local\Programs\MiKTeX\tex/latex/base\bk12.clo
File: bk12.clo 2021/10/04 v1.4n Standard LaTeX file (size option)
)
\c@part=\count185
\c@chapter=\count186
\c@section=\count187
\c@subsection=\count188
\c@subsubsection=\count189
\c@paragraph=\count190
\c@subparagraph=\count191
\c@figure=\count192
\c@table=\count193
\abovecaptionskip=\skip47
\belowcaptionskip=\skip48
\bibindent=\dimen138
)
(C:\Users\ihave\AppData\Local\Programs\MiKTeX\tex/latex/pdfpages\pdfpages.sty
Package: pdfpages 2022/01/29 v0.5u Insert pages of external PDF documents (AM)

(C:\Users\ihave\AppData\Local\Programs\MiKTeX\tex/latex/base\ifthen.sty
Package: ifthen 2020/11/24 v1.1c Standard LaTeX ifthen package (DPC)
)
(C:\Users\ihave\AppData\Local\Programs\MiKTeX\tex/latex/tools\calc.sty
Package: calc 2017/05/25 v4.3 Infix arithmetic (KKT,FJ)
\calc@Acount=\count194
\calc@Bcount=\count195
\calc@Adimen=\dimen139
\calc@Bdimen=\dimen140
\calc@Askip=\skip49
\calc@Bskip=\skip50
LaTeX Info: Redefining \setlength on input line 80.
LaTeX Info: Redefining \addtolength on input line 81.
\calc@Ccount=\count196
\calc@Cskip=\skip51
)
(C:\Users\ihave\AppData\Local\Programs\MiKTeX\tex/latex/eso-pic\eso-pic.sty
Package: eso-pic 2020/10/14 v3.0a eso-pic (RN)
\ESO@tempdima=\dimen141
\ESO@tempdimb=\dimen142

(C:\Users\ihave\AppData\Local\Programs\MiKTeX\tex/latex/graphics\keyval.sty
Package: keyval 2014/10/28 v1.15 key=value parser (DPC)
\KV@toks@=\toks16
)
(C:\Users\ihave\AppData\Local\Programs\MiKTeX\tex/latex/xcolor\xcolor.sty
Package: xcolor 2021/10/31 v2.13 LaTeX color extensions (UK)

(C:\Users\ihave\AppData\Local\Programs\MiKTeX\tex/latex/graphics-cfg\color.cfg
File: color.cfg 2016/01/02 v1.6 sample color configuration
)
Package xcolor Info: Driver file: pdftex.def on input line 227.

(C:\Users\ihave\AppData\Local\Programs\MiKTeX\tex/latex/graphics-def\pdftex.def
File: pdftex.def 2020/10/05 v1.2a Graphics/color driver for pdftex
)
Package xcolor Info: Model `cmy' substituted by `cmy0' on input line 1352.
Package xcolor Info: Model `hsb' substituted by `rgb' on input line 1356.
Package xcolor Info: Model `RGB' extended on input line 1368.
Package xcolor Info: Model `HTML' substituted by `rgb' on input line 1370.
Package xcolor Info: Model `Hsb' substituted by `hsb' on input line 1371.
Package xcolor Info: Model `tHsb' substituted by `hsb' on input line 1372.
Package xcolor Info: Model `HSB' substituted by `hsb' on input line 1373.
Package xcolor Info: Model `Gray' substituted by `gray' on input line 1374.
Package xcolor Info: Model `wave' substituted by `hsb' on input line 1375.
))
(C:\Users\ihave\AppData\Local\Programs\MiKTeX\tex/latex/graphics\graphicx.sty
Package: graphicx 2021/09/16 v1.2d Enhanced LaTeX Graphics (DPC,SPQR)

(C:\Users\ihave\AppData\Local\Programs\MiKTeX\tex/latex/graphics\graphics.sty
Package: graphics 2021/03/04 v1.4d Standard LaTeX Graphics (DPC,SPQR)

(C:\Users\ihave\AppData\Local\Programs\MiKTeX\tex/latex/graphics\trig.sty
Package: trig 2021/08/11 v1.11 sin cos tan (DPC)
)
(C:\Users\ihave\AppData\Local\Programs\MiKTeX\tex/latex/graphics-cfg\graphics.c
fg
File: graphics.cfg 2016/06/04 v1.11 sample graphics configuration
)
Package graphics Info: Driver file: pdftex.def on input line 107.
)
\Gin@req@height=\dimen143
\Gin@req@width=\dimen144
)
\AM@pagewidth=\dimen145
\AM@pageheight=\dimen146
\AM@fboxrule=\dimen147

(C:\Users\ihave\AppData\Local\Programs\MiKTeX\tex/latex/pdfpages\pppdftex.def
File: pppdftex.def 2022/01/29 v0.5u Pdfpages driver for pdfTeX (AM)
)
\pdfpages@includegraphics@status=\count197
\AM@pagebox=\box50
\AM@global@opts=\toks17
\AM@pagecnt=\count198
\AM@toc@title=\toks18
\c@AM@survey=\count199
\AM@templatesizebox=\box51
)
(C:\Users\ihave\AppData\Local\Programs\MiKTeX\tex/latex/l3backend\l3backend-pdf
tex.def
File: l3backend-pdftex.def 2022-02-07 L3 backend support: PDF output (pdfTeX)
\l__color_backend_stack_int=\count266
\l__pdf_internal_box=\box52
) (Lic.aux)
\openout1 = `Lic.aux'.

LaTeX Font Info:    Checking defaults for OML/cmm/m/it on input line 3.
LaTeX Font Info:    ... okay on input line 3.
LaTeX Font Info:    Checking defaults for OMS/cmsy/m/n on input line 3.
LaTeX Font Info:    ... okay on input line 3.
LaTeX Font Info:    Checking defaults for OT1/cmr/m/n on input line 3.
LaTeX Font Info:    ... okay on input line 3.
LaTeX Font Info:    Checking defaults for T1/cmr/m/n on input line 3.
LaTeX Font Info:    ... okay on input line 3.
LaTeX Font Info:    Checking defaults for TS1/cmr/m/n on input line 3.
LaTeX Font Info:    ... okay on input line 3.
LaTeX Font Info:    Checking defaults for OMX/cmex/m/n on input line 3.
LaTeX Font Info:    ... okay on input line 3.
LaTeX Font Info:    Checking defaults for U/cmr/m/n on input line 3.
LaTeX Font Info:    ... okay on input line 3.

(C:\Users\ihave\AppData\Local\Programs\MiKTeX\tex/context/base/mkii\supp-pdf.mk
ii
[Loading MPS to PDF converter (version 2006.09.02).]
\scratchcounter=\count267
\scratchdimen=\dimen148
\scratchbox=\box53
\nofMPsegments=\count268
\nofMParguments=\count269
\everyMPshowfont=\toks19
\MPscratchCnt=\count270
\MPscratchDim=\dimen149
\MPnumerator=\count271
\makeMPintoPDFobject=\count272
\everyMPtoPDFconversion=\toks20
)
(C:\Users\ihave\AppData\Local\Programs\MiKTeX\tex/latex/epstopdf-pkg\epstopdf-b
ase.sty
Package: epstopdf-base 2020-01-24 v2.11 Base part for package epstopdf
Package epstopdf-base Info: Redefining graphics rule for `.eps' on input line 4
85.

(C:\Users\ihave\AppData\Local\Programs\MiKTeX\tex/latex/00miktex\epstopdf-sys.c
fg
File: epstopdf-sys.cfg 2021/03/18 v2.0 Configuration of epstopdf for MiKTeX
))
(C:\Users\ihave\AppData\Local\Programs\MiKTeX\tex/latex/pdflscape\pdflscape.sty
Package: pdflscape 2019/12/05 v0.12 Display of landscape pages in PDF (HO)
(C:\Users\ihave\AppData\Local\Programs\MiKTeX\tex/generic/iftex\iftex.sty
Package: iftex 2022/02/03 v1.0f TeX engine tests
)
(C:\Users\ihave\AppData\Local\Programs\MiKTeX\tex/latex/graphics\lscape.sty
Package: lscape 2020/05/28 v3.02 Landscape Pages (DPC)
)
Package pdflscape Info: Auto-detected driver: pdftex on input line 81.
)

pdfTeX warning: pdflatex.exe (file ./stronatytulowa.pdf): PDF inclusion: found 
PDF version <1.6>, but at most version <1.5> allowed
<stronatytulowa.pdf, id=1, 597.53635pt x 845.04686pt>
File: stronatytulowa.pdf Graphic file (type pdf)
<use stronatytulowa.pdf>
Package pdftex.def Info: stronatytulowa.pdf  used on input line 4.
(pdftex.def)             Requested size: 597.53488pt x 845.0448pt.


pdfTeX warning: pdflatex.exe (file ./stronatytulowa.pdf): PDF inclusion: found 
PDF version <1.6>, but at most version <1.5> allowed
File: stronatytulowa.pdf Graphic file (type pdf)
<use stronatytulowa.pdf>
Package pdftex.def Info: stronatytulowa.pdf  used on input line 4.
(pdftex.def)             Requested size: 597.53488pt x 845.0448pt.


pdfTeX warning: pdflatex.exe (file ./stronatytulowa.pdf): PDF inclusion: found 
PDF version <1.6>, but at most version <1.5> allowed


pdfTeX warning: pdflatex.exe (file ./stronatytulowa.pdf): PDF inclusion: found 
PDF version <1.6>, but at most version <1.5> allowed
<stronatytulowa.pdf, id=4, page=1, 597.53635pt x 845.04686pt>
File: stronatytulowa.pdf Graphic file (type pdf)
<use stronatytulowa.pdf, page 1>
Package pdftex.def Info: stronatytulowa.pdf , page1 used on input line 4.
(pdftex.def)             Requested size: 597.53488pt x 845.0448pt.
File: stronatytulowa.pdf Graphic file (type pdf)
<use stronatytulowa.pdf, page 1>
Package pdftex.def Info: stronatytulowa.pdf , page1 used on input line 4.
(pdftex.def)             Requested size: 597.56223pt x 845.08348pt.
File: stronatytulowa.pdf Graphic file (type pdf)
<use stronatytulowa.pdf, page 1>
Package pdftex.def Info: stronatytulowa.pdf , page1 used on input line 4.
(pdftex.def)             Requested size: 597.56223pt x 845.08348pt.
File: stronatytulowa.pdf Graphic file (type pdf)
<use stronatytulowa.pdf, page 1>
Package pdftex.def Info: stronatytulowa.pdf , page1 used on input line 4.
(pdftex.def)             Requested size: 597.56223pt x 845.08348pt.
File: stronatytulowa.pdf Graphic file (type pdf)
<use stronatytulowa.pdf, page 1>
Package pdftex.def Info: stronatytulowa.pdf , page1 used on input line 4.
(pdftex.def)             Requested size: 597.56223pt x 845.08348pt.
[1

 <./stronatytulowa.pdf>] [2{C:/Users/ihave/AppData/Local/MiKTeX/fonts/map/pdfte
x/pdftex.map}] (Lic.aux) ) 
Here is how much of TeX's memory you used:
 2708 strings out of 478582
 43725 string characters out of 2844345
 335922 words of memory out of 3000000
 20902 multiletter control sequences out of 15000+600000
 469909 words of font info for 30 fonts, out of 8000000 for 9000
 1141 hyphenation exceptions out of 8191
 70i,17n,76p,238b,420s stack positions out of 10000i,1000n,20000p,200000b,80000s
<C:/Users/ihave/AppData/Local/Programs/MiKTeX/fonts/t
ype1/public/amsfonts/cm/cmr12.pfb>
Output written on Lic.pdf (2 pages, 78120 bytes).
PDF statistics:
 31 PDF objects out of 1000 (max. 8388607)
 0 named destinations out of 1000 (max. 500000)
 21 words of extra memory for PDF output out of 10000 (max. 10000000)

